<?xml version="1.0" encoding="UTF-8"?>
<!-- Generated by org.testng.reporters.JUnitXMLReporter -->
<testsuite ignored="0" hostname="DESKTOP-K9FI4R0" failures="1" tests="1" name="Test" time="6.576" errors="0" timestamp="2024-11-26T15:09:10 IST">
  <testcase classname="testCases.TC005_MacShoppingWindow" name="tC005_MacShoppingWindow" time="0.803">
    <failure type="java.lang.AssertionError" message="expected [PC] but found [Mac]">
      <![CDATA[java.lang.AssertionError: expected [PC] but found [Mac]
at testCases.TC005_MacShoppingWindow.tC005_MacShoppingWindow(TC005_MacShoppingWindow.java:22)
at java.base/java.util.ArrayList.forEach(ArrayList.java:1511)
... Removed 33 stack frames]]>
    </failure>
  </testcase> <!-- tC005_MacShoppingWindow -->
</testsuite> <!-- Test -->
