<?xml version="1.0" encoding="UTF-8"?>
<testng-results ignored="0" total="1" passed="1" failed="0" skipped="0">
  <reporter-output>
  </reporter-output>
  <suite started-at="2024-12-03T16:37:07 IST" name="Suite" finished-at="2024-12-03T16:37:27 IST" duration-ms="20126">
    <groups>
    </groups>
    <test started-at="2024-12-03T16:37:07 IST" name="Test" finished-at="2024-12-03T16:37:27 IST" duration-ms="20126">
      <class name="testCases.TC006_AddToCart">
        <test-method is-config="true" signature="setUp(java.lang.String,java.lang.String)[pri:0, instance:testCases.TC006_AddToCart@a530d0a]" started-at="2024-12-03T16:37:07 IST" name="setUp" finished-at="2024-12-03T16:37:14 IST" duration-ms="6867" status="PASS">
          <params>
            <param index="0">
              <value>
                <![CDATA[Windows]]>
              </value>
            </param>
            <param index="1">
              <value>
                <![CDATA[Chrome]]>
              </value>
            </param>
          </params>
          <reporter-output>
          </reporter-output>
        </test-method> <!-- setUp -->
        <test-method signature="tC006_AddToCart()[pri:0, instance:testCases.TC006_AddToCart@a530d0a]" started-at="2024-12-03T16:37:14 IST" name="tC006_AddToCart" finished-at="2024-12-03T16:37:27 IST" duration-ms="12902" status="PASS">
          <reporter-output>
          </reporter-output>
        </test-method> <!-- tC006_AddToCart -->
        <test-method is-config="true" signature="tearDown()[pri:0, instance:testCases.TC006_AddToCart@a530d0a]" started-at="2024-12-03T16:37:27 IST" name="tearDown" finished-at="2024-12-03T16:37:27 IST" duration-ms="298" status="PASS">
          <reporter-output>
          </reporter-output>
        </test-method> <!-- tearDown -->
      </class> <!-- testCases.TC006_AddToCart -->
    </test> <!-- Test -->
  </suite> <!-- Suite -->
</testng-results>
